This is pdfTeX, Version 3.141592653-2.6-1.40.22 (TeX Live 2021) (preloaded format=pdflatex 2021.4.16)  10 DEC 2021 23:08
entering extended mode
 restricted \write18 enabled.
 %&-line parsing enabled.
**Blake-OA-Example-1639177718.tex
(./Blake-OA-Example-1639177718.tex
LaTeX2e <2020-10-01> patch level 4
L3 programming layer <2021-02-18>
(/usr/local/texlive/2021/texmf-dist/tex/latex/base/article.cls
Document Class: article 2020/04/10 v1.4m Standard LaTeX document class
(/usr/local/texlive/2021/texmf-dist/tex/latex/base/size10.clo
File: size10.clo 2020/04/10 v1.4m Standard LaTeX file (size option)
)
\c@part=\count179
\c@section=\count180
\c@subsection=\count181
\c@subsubsection=\count182
\c@paragraph=\count183
\c@subparagraph=\count184
\c@figure=\count185
\c@table=\count186
\abovecaptionskip=\skip47
\belowcaptionskip=\skip48
\bibindent=\dimen138
)
(/usr/local/texlive/2021/texmf-dist/tex/latex/lm/lmodern.sty
Package: lmodern 2015/05/01 v1.6.1 Latin Modern Fonts
LaTeX Font Info:    Overwriting symbol font `operators' in version `normal'
(Font)                  OT1/cmr/m/n --> OT1/lmr/m/n on input line 22.
LaTeX Font Info:    Overwriting symbol font `letters' in version `normal'
(Font)                  OML/cmm/m/it --> OML/lmm/m/it on input line 23.
LaTeX Font Info:    Overwriting symbol font `symbols' in version `normal'
(Font)                  OMS/cmsy/m/n --> OMS/lmsy/m/n on input line 24.
LaTeX Font Info:    Overwriting symbol font `largesymbols' in version `normal'
(Font)                  OMX/cmex/m/n --> OMX/lmex/m/n on input line 25.
LaTeX Font Info:    Overwriting symbol font `operators' in version `bold'
(Font)                  OT1/cmr/bx/n --> OT1/lmr/bx/n on input line 26.
LaTeX Font Info:    Overwriting symbol font `letters' in version `bold'
(Font)                  OML/cmm/b/it --> OML/lmm/b/it on input line 27.
LaTeX Font Info:    Overwriting symbol font `symbols' in version `bold'
(Font)                  OMS/cmsy/b/n --> OMS/lmsy/b/n on input line 28.
LaTeX Font Info:    Overwriting symbol font `largesymbols' in version `bold'
(Font)                  OMX/cmex/m/n --> OMX/lmex/m/n on input line 29.
LaTeX Font Info:    Overwriting math alphabet `\mathbf' in version `normal'
(Font)                  OT1/cmr/bx/n --> OT1/lmr/bx/n on input line 31.
LaTeX Font Info:    Overwriting math alphabet `\mathsf' in version `normal'
(Font)                  OT1/cmss/m/n --> OT1/lmss/m/n on input line 32.
LaTeX Font Info:    Overwriting math alphabet `\mathit' in version `normal'
(Font)                  OT1/cmr/m/it --> OT1/lmr/m/it on input line 33.
LaTeX Font Info:    Overwriting math alphabet `\mathtt' in version `normal'
(Font)                  OT1/cmtt/m/n --> OT1/lmtt/m/n on input line 34.
LaTeX Font Info:    Overwriting math alphabet `\mathbf' in version `bold'
(Font)                  OT1/cmr/bx/n --> OT1/lmr/bx/n on input line 35.
LaTeX Font Info:    Overwriting math alphabet `\mathsf' in version `bold'
(Font)                  OT1/cmss/bx/n --> OT1/lmss/bx/n on input line 36.
LaTeX Font Info:    Overwriting math alphabet `\mathit' in version `bold'
(Font)                  OT1/cmr/bx/it --> OT1/lmr/bx/it on input line 37.
LaTeX Font Info:    Overwriting math alphabet `\mathtt' in version `bold'
(Font)                  OT1/cmtt/m/n --> OT1/lmtt/m/n on input line 38.
)
(/usr/local/texlive/2021/texmf-dist/tex/latex/fancyhdr/fancyhdr.sty
Package: fancyhdr 2021/01/28 v4.0.1 Extensive control of page headers and foote
rs
\f@nch@headwidth=\skip49
\f@nch@O@elh=\skip50
\f@nch@O@erh=\skip51
\f@nch@O@olh=\skip52
\f@nch@O@orh=\skip53
\f@nch@O@elf=\skip54
\f@nch@O@erf=\skip55
\f@nch@O@olf=\skip56
\f@nch@O@orf=\skip57
)
(/usr/local/texlive/2021/texmf-dist/tex/latex/geometry/geometry.sty
Package: geometry 2020/01/02 v5.9 Page Geometry

(/usr/local/texlive/2021/texmf-dist/tex/latex/graphics/keyval.sty
Package: keyval 2014/10/28 v1.15 key=value parser (DPC)
\KV@toks@=\toks15
)
(/usr/local/texlive/2021/texmf-dist/tex/generic/iftex/ifvtex.sty
Package: ifvtex 2019/10/25 v1.7 ifvtex legacy package. Use iftex instead.

(/usr/local/texlive/2021/texmf-dist/tex/generic/iftex/iftex.sty
Package: iftex 2020/03/06 v1.0d TeX engine tests
))
\Gm@cnth=\count187
\Gm@cntv=\count188
\c@Gm@tempcnt=\count189
\Gm@bindingoffset=\dimen139
\Gm@wd@mp=\dimen140
\Gm@odd@mp=\dimen141
\Gm@even@mp=\dimen142
\Gm@layoutwidth=\dimen143
\Gm@layoutheight=\dimen144
\Gm@layouthoffset=\dimen145
\Gm@layoutvoffset=\dimen146
\Gm@dimlist=\toks16
)
(/usr/local/texlive/2021/texmf-dist/tex/latex/base/ifthen.sty
Package: ifthen 2014/09/29 v1.1c Standard LaTeX ifthen package (DPC)
)
(/usr/local/texlive/2021/texmf-dist/tex/latex/mparhack/mparhack.sty
Package: mparhack 2005/04/17 v1.4 (T. Sgouros and S. Ulrich)
)
(/usr/local/texlive/2021/texmf-dist/tex/latex/base/makeidx.sty
Package: makeidx 2014/09/29 v1.0m Standard LaTeX package
)
(/usr/local/texlive/2021/texmf-dist/tex/latex/tools/multicol.sty
Package: multicol 2019/12/09 v1.8y multicolumn formatting (FMi)
\c@tracingmulticols=\count190
\mult@box=\box47
\multicol@leftmargin=\dimen147
\c@unbalance=\count191
\c@collectmore=\count192
\doublecol@number=\count193
\multicoltolerance=\count194
\multicolpretolerance=\count195
\full@width=\dimen148
\page@free=\dimen149
\premulticols=\dimen150
\postmulticols=\dimen151
\multicolsep=\skip58
\multicolbaselineskip=\skip59
\partial@page=\box48
\last@line=\box49
\maxbalancingoverflow=\dimen152
\mult@rightbox=\box50
\mult@grightbox=\box51
\mult@gfirstbox=\box52
\mult@firstbox=\box53
\@tempa=\box54
\@tempa=\box55
\@tempa=\box56
\@tempa=\box57
\@tempa=\box58
\@tempa=\box59
\@tempa=\box60
\@tempa=\box61
\@tempa=\box62
\@tempa=\box63
\@tempa=\box64
\@tempa=\box65
\@tempa=\box66
\@tempa=\box67
\@tempa=\box68
\@tempa=\box69
\@tempa=\box70
\@tempa=\box71
\@tempa=\box72
\@tempa=\box73
\@tempa=\box74
\@tempa=\box75
\@tempa=\box76
\@tempa=\box77
\@tempa=\box78
\@tempa=\box79
\@tempa=\box80
\@tempa=\box81
\@tempa=\box82
\@tempa=\box83
\@tempa=\box84
\@tempa=\box85
\@tempa=\box86
\@tempa=\box87
\@tempa=\box88
\@tempa=\box89
\@tempa=\box90
\c@minrows=\count196
\c@columnbadness=\count197
\c@finalcolumnbadness=\count198
\last@try=\dimen153
\multicolovershoot=\dimen154
\multicolundershoot=\dimen155
\mult@nat@firstbox=\box91
\colbreak@box=\box92
\mc@col@check@num=\count199
)
(/usr/local/texlive/2021/texmf-dist/tex/latex/poemscol/poemscol.sty
Package: poemscol 2020/06/12 v3.1415926 poemscol file
\verseindentamount=\skip60
\l@@pcounter=\count266
\indentedstanzaamount=\skip61
\variablestanzaamount=\skip62
\titleindentamount=\skip63
\titleindenttwoamount=\skip64
\titleindentthreeamount=\skip65
\volumetitleindentamount=\skip66
\volumetitlesecondlineindentamount=\skip67
\volumesubtitleindentamount=\skip68
\volumesubtitlesecondlineindentamount=\skip69
\volumesectiontitleindentamount=\skip70
\volumesectiontitlesecondlineindentamount=\skip71
\poemtitleindentamount=\skip72
\poemtitlesecondlineindentamount=\skip73
\poemsubtitleindentamount=\skip74
\poemsectiontitleindentamount=\skip75
\poemsectiontitlesecondlineindentamount=\skip76
\poemsubsectiontitleindentamount=\skip77
\sequencetitleindentamount=\skip78
\sequencetitlesecondlineindentamount=\skip79
\sequencesubtitleindentamount=\skip80
\sequencesubtitlesecondlineindentamount=\skip81
\sequencesectiontitleindentamount=\skip82
\sequencesectiontitlesecondlineindentamount=\skip83
\sequencesectionsubtitleindentamount=\skip84
\sequencesectionsubtitlesecondlineindentamount=\skip85
\sequencesubsectiontitleindentamount=\skip86
\sequencesubsubsectiontitleindentamount=\skip87
\appendixtitleindentamount=\skip88
\subappendixtitleindentamount=\skip89
\forewordtitleindentamount=\skip90
\notestitleindentamount=\skip91
\volumetitleshiftamount=\dimen156
\voladditionalamount=\dimen157
\contentsindentoneamount=\dimen158
\contentsindenttwoamount=\dimen159
\contentsindentthreeamount=\dimen160
\contentsindentfouramount=\dimen161
\contentsindentfiveamount=\dimen162
\contentsvolumetitleindentamount=\skip92
\contentsvolumetitlesecondlineindentamount=\skip93
\contentsvolumesubtitleindentamount=\skip94
\contentsvolumesubtitlesecondlineindentamount=\skip95
\contentsvolumesectiontitleindentamount=\skip96
\contentsvolumesectiontitlesecondlineindentamount=\skip97
\contentspoemtitleindentamount=\skip98
\contentspoemtitlesecondlineindentamount=\skip99
\contentspoemsubtitleindentamount=\skip100
\contentspoemsectiontitleindentamount=\skip101
\contentspoemsectiontitlesecondlineindentamount=\skip102
\contentspoemsubsectiontitleindentamount=\skip103
\contentssequencetitleindentamount=\skip104
\contentssequencetitlesecondlineindentamount=\skip105
\contentssequencesubtitleindentamount=\skip106
\contentssequencesubtitlesecondlineindentamount=\skip107
\contentssequencesectiontitleindentamount=\skip108
\contentssequencesectiontitlesecondlineindentamount=\skip109
\contentssequencesectionsubtitleindentamount=\skip110
\contentssequencesectionsubtitlesecondlineindentamount=\skip111
\contentssequencesubsectiontitleindentamount=\skip112
\contentssequencesubsubsectiontitleindentamount=\skip113
\poemtitlewidth=\skip114
\lefttitleaddition=\skip115
\marginparsepmin=\skip116
\versemarginadjust=\skip117
\c@verselinenumber=\count267
\c@printlineindex=\count268
\c@verselinenumberscratch=\count269
\c@printlineindexscratch=\count270
\c@lineindexrepeat=\count271
\c@lemmalines=\count272
\c@lemmaend=\count273
\c@poemnumber=\count274
\c@notepageholdertitle=\count275
\c@notepageholdernote=\count276
\fulltitleholder=\toks17
\titlesofar=\toks18
\titleincrement=\toks19
\@indexfile=\write3
\openout3 = `Blake-OA-Example-1639177718.idx'.


Writing index file Blake-OA-Example-1639177718.idx
\headoffsetlength=\skip118

Package fancyhdr Warning: \fancyhfoffset's `E' option without twoside option is
 useless on input line 489.


Package fancyhdr Warning: \fancyhead's `E' option without twoside option is use
less on input line 491.


Package fancyhdr Warning: \fancyhead's `E' option without twoside option is use
less on input line 493.


Package fancyhdr Warning: \fancyfoot's `E' option without twoside option is use
less on input line 494.

\singlelineabbrev=\toks20
\multiplelineabbrev=\toks21
\singlepageabbrev=\toks22
\multiplepageabbrev=\toks23
\contentsentryoverrun=\skip119
\titleentryoverrun=\skip120
\versewidth=\skip121
\@memcnta=\count277
\c@cp@cntr=\count278
\pmclsideparvshift=\skip122
\pmclcontentsname=\toks24
\pmclcontentsheader=\toks25
\noteindentation=\skip123
\pmclnotesname=\toks26
\notesheadername=\toks27
\textnotescontentsname=\toks28
\emendationsname=\toks29
\emendationsheadername=\toks30
\emendationscontentsname=\toks31
\explanationsname=\toks32
\explanationsheadername=\toks33
\explanationscontentsname=\toks34
\lefttitlemargin=\skip124
\JHtextwidth=\skip125
\JHmarginparsep=\skip126
\JHmarginparvshift=\skip127
\JHmarginparwidth=\skip128
\JHmarginparsepmin=\skip129
\JHtitlemarginparsep=\skip130
\c@margrefnumber=\count279
\margrefmarker=\toks35
\titlemargrefmarker=\toks36
\centerepigraphindentation=\skip131
\normalepigraphindentation=\skip132
\dateindent=\skip133
\poemattributionindent=\skip134
\c@proselinenumber=\count280
\c@prosemodulo=\count281
\pmnoteheader=\toks37
\c@pmsentencenumber=\count282
\c@pmmodulo=\count283
\c@pmindexcount=\count284
\c@pmparagraph=\count285
\pmrangeend=\toks38
\pmclsavsk=\dimen163
\pmclsavsf=\count286
\c@rectolinecounter=\count287
\c@rectoindexscratch=\count288
\c@versolinecounter=\count289
\c@versoindexscratch=\count290
\versotitleholder=\toks39
\rectotitleholder=\toks40
\synchroflag=\toks41
\versotextnotesname=\toks42
\versotextnotesheadername=\toks43
\versotextnotescontentsname=\toks44
\rectotextnotesname=\toks45
\rectotextnotesheadername=\toks46
\rectotextnotescontentsname=\toks47
\versoemendationsname=\toks48
\versoemendationsheadername=\toks49
\versoemendationscontentsname=\toks50
\rectoemendationsname=\toks51
\rectoemendationsheadername=\toks52
\rectoemendationscontentsname=\toks53
\versoexplanationsname=\toks54
\versoexplanationsheadername=\toks55
\versoexplanationscontentsname=\toks56
\rectoexplanationsname=\toks57
\rectoexplanationsheadername=\toks58
\rectoexplanationscontentsname=\toks59
\c@prosepage=\count291
\c@versoproselinecounter=\count292
\c@rectoproselinecounter=\count293
\poemindexname=\toks60
\poemindexheadername=\toks61
\poemindexcontentsname=\toks62
\poemindexlabelname=\toks63
\epigraphquoteleftmargin=\skip135
\epigraphquoterightmargin=\skip136
)
LaTeX Font Info:    Trying to load font information for OT1+lmr on input line 3
0.
 (/usr/local/texlive/2021/texmf-dist/tex/latex/lm/ot1lmr.fd
File: ot1lmr.fd 2015/05/01 v1.6.1 Font defs for Latin Modern
)
(/usr/local/texlive/2021/texmf-dist/tex/latex/l3backend/l3backend-pdftex.def
File: l3backend-pdftex.def 2021-03-18 L3 backend support: PDF output (pdfTeX)
\l__color_backend_stack_int=\count294
\l__pdf_internal_box=\box93
)
(./Blake-OA-Example-1639177718.aux)
\openout1 = `Blake-OA-Example-1639177718.aux'.

LaTeX Font Info:    Checking defaults for OML/cmm/m/it on input line 30.
LaTeX Font Info:    ... okay on input line 30.
LaTeX Font Info:    Checking defaults for OMS/cmsy/m/n on input line 30.
LaTeX Font Info:    ... okay on input line 30.
LaTeX Font Info:    Checking defaults for OT1/cmr/m/n on input line 30.
LaTeX Font Info:    ... okay on input line 30.
LaTeX Font Info:    Checking defaults for T1/cmr/m/n on input line 30.
LaTeX Font Info:    ... okay on input line 30.
LaTeX Font Info:    Checking defaults for TS1/cmr/m/n on input line 30.
LaTeX Font Info:    ... okay on input line 30.
LaTeX Font Info:    Checking defaults for OMX/cmex/m/n on input line 30.
LaTeX Font Info:    ... okay on input line 30.
LaTeX Font Info:    Checking defaults for U/cmr/m/n on input line 30.
LaTeX Font Info:    ... okay on input line 30.

*geometry* driver: auto-detecting
*geometry* detected driver: pdftex
*geometry* verbose mode - [ preamble ] result:
* driver: pdftex
* paper: a4paper
* layout: <same size as paper>
* layoutoffset:(h,v)=(0.0pt,0.0pt)
* modes: 
* h-part:(L,W,R)=(89.62709pt, 418.25368pt, 89.6271pt)
* v-part:(T,H,B)=(101.40665pt, 591.5302pt, 152.11pt)
* \paperwidth=597.50787pt
* \paperheight=845.04684pt
* \textwidth=418.25368pt
* \textheight=591.5302pt
* \oddsidemargin=17.3571pt
* \evensidemargin=17.3571pt
* \topmargin=-7.86334pt
* \headheight=12.0pt
* \headsep=25.0pt
* \topskip=10.0pt
* \footskip=30.0pt
* \marginparwidth=18.0pt
* \marginparsep=18.0pt
* \columnsep=15.0pt
* \skip\footins=9.0pt plus 4.0pt minus 2.0pt
* \hoffset=0.0pt
* \voffset=0.0pt
* \mag=1000
* \@twocolumnfalse
* \@twosidefalse
* \@mparswitchfalse
* \@reversemarginfalse
* (1in=72.27pt=25.4mm, 1cm=28.453pt)

[1


{/usr/local/texlive/2021/texmf-var/fonts/map/pdftex/updmap/pdftex.map}]
(./Blake-OA-Example-1639177718.ctn

Package fancyhdr Warning: \fancyhead's `E' option without twoside option is use
less on input line 19.


Package fancyhdr Warning: \fancyhead's `E' option without twoside option is use
less on input line 31.

) [5



]

Package fancyhdr Warning: \fancyhfoffset's `E' option without twoside option is
 useless on input line 46.


Package fancyhdr Warning: \fancyhead's `E' option without twoside option is use
less on input line 46.


Package fancyhdr Warning: \fancyhead's `E' option without twoside option is use
less on input line 46.


Package fancyhdr Warning: \fancyfoot's `E' option without twoside option is use
less on input line 46.

\poemcontents=\write4
\openout4 = `Blake-OA-Example-1639177718.ctn'.

(./Blake-ASong.tex) (./Blake-EarthsAnswer.tex [1

]) (./Blake-Introduction.tex
[2]) (./Blake-Night.tex [3]) (./Blake-OnAnothersSorrow.tex [4])
(./Blake-TheChimney-Sweeper.tex) (./Blake-TheEchoingGreen.tex [5])
(./Blake-TheLittleGirlFound.tex [6] [7]) (./Blake-TheLittleGirlLost.tex
[8]) (./Blake-TheTyger.tex [9]) [10] (./Blake-OA-Example-1639177718.aux

Package mparhack Warning: Marginpars may have changed.
(mparhack)                Rerun to get them right.

) ) 
Here is how much of TeX's memory you used:
 2833 strings out of 478994
 51245 string characters out of 5858184
 355003 words of memory out of 5000000
 20316 multiletter control sequences out of 15000+600000
 425351 words of font info for 34 fonts, out of 8000000 for 9000
 1141 hyphenation exceptions out of 8191
 68i,11n,74p,209b,409s stack positions out of 5000i,500n,10000p,200000b,80000s
{/usr/local/texlive/2021/texmf-dist/fonts/enc/dvips/lm/lm-rm.enc}</usr/local
/texlive/2021/texmf-dist/fonts/type1/public/lm/lmr10.pfb></usr/local/texlive/20
21/texmf-dist/fonts/type1/public/lm/lmr12.pfb></usr/local/texlive/2021/texmf-di
st/fonts/type1/public/lm/lmr17.pfb></usr/local/texlive/2021/texmf-dist/fonts/ty
pe1/public/lm/lmr7.pfb></usr/local/texlive/2021/texmf-dist/fonts/type1/public/l
m/lmr9.pfb>
Output written on Blake-OA-Example-1639177718.pdf (12 pages, 140979 bytes).
PDF statistics:
 64 PDF objects out of 1000 (max. 8388607)
 44 compressed objects within 1 object stream
 0 named destinations out of 1000 (max. 500000)
 1 words of extra memory for PDF output out of 10000 (max. 10000000)

